<?xml version="1.0" encoding="UTF-8"?>
<testng-results ignored="0" total="1" passed="1" failed="0" skipped="0">
  <reporter-output>
  </reporter-output>
  <suite started-at="2023-02-17T22:34:05 IST" name="Default suite" finished-at="2023-02-17T22:34:05 IST" duration-ms="259">
    <groups>
    </groups>
    <test started-at="2023-02-17T22:34:05 IST" name="Default test" finished-at="2023-02-17T22:34:05 IST" duration-ms="259">
      <class name="javaPractice.StreamDemo">
        <test-method signature="StremByForloop()[pri:0, instance:javaPractice.StreamDemo@39529185]" started-at="2023-02-17T22:34:05 IST" name="StremByForloop" finished-at="2023-02-17T22:34:05 IST" duration-ms="57" status="PASS">
          <reporter-output>
          </reporter-output>
        </test-method> <!-- StremByForloop -->
      </class> <!-- javaPractice.StreamDemo -->
    </test> <!-- Default test -->
  </suite> <!-- Default suite -->
</testng-results>
